D:\DOCS\VISUAL STUDIO 2012\PROJECTS\WINSITESERVER\HTTPSERVER\DEBUG\HTTPSERVER.PCH
D:\DOCS\VISUAL STUDIO 2012\PROJECTS\WINSITESERVER\HTTPSERVER\DEBUG\VC110.PDB
D:\DOCS\VISUAL STUDIO 2012\PROJECTS\WINSITESERVER\HTTPSERVER\DEBUG\STDAFX.OBJ
D:\DOCS\VISUAL STUDIO 2012\PROJECTS\WINSITESERVER\HTTPSERVER\DEBUG\DLLMAIN.OBJ
D:\DOCS\VISUAL STUDIO 2012\PROJECTS\WINSITESERVER\HTTPSERVER\DEBUG\HTTPPARSER.OBJ
D:\DOCS\VISUAL STUDIO 2012\PROJECTS\WINSITESERVER\HTTPSERVER\DEBUG\HTTPSERVER.OBJ
D:\DOCS\VISUAL STUDIO 2012\PROJECTS\WINSITESERVER\HTTPSERVER\DEBUG\TCPSERVER.OBJ
d:\docs\visual studio 2012\Projects\WinSiteServer\Debug\HTTPServer.lib
d:\docs\visual studio 2012\Projects\WinSiteServer\Debug\HTTPServer.exp
D:\DOCS\VISUAL STUDIO 2012\PROJECTS\WINSITESERVER\DEBUG\HTTPSERVER.ILK
D:\DOCS\VISUAL STUDIO 2012\PROJECTS\WINSITESERVER\DEBUG\HTTPSERVER.DLL
D:\DOCS\VISUAL STUDIO 2012\PROJECTS\WINSITESERVER\DEBUG\HTTPSERVER.PDB
d:\Docs\visual studio 2012\Projects\WinSiteServer\HTTPServer\Debug\HTTPServer.vcxprojResolveAssemblyReference.cache
d:\Docs\visual studio 2012\Projects\WinSiteServer\HTTPServer\Debug\dllmain.obj
d:\Docs\visual studio 2012\Projects\WinSiteServer\HTTPServer\Debug\HTTPParser.obj
d:\Docs\visual studio 2012\Projects\WinSiteServer\HTTPServer\Debug\HTTPServer.obj
d:\Docs\visual studio 2012\Projects\WinSiteServer\HTTPServer\Debug\stdafx.obj
d:\Docs\visual studio 2012\Projects\WinSiteServer\HTTPServer\Debug\TCPServer.obj
d:\Docs\visual studio 2012\Projects\WinSiteServer\HTTPServer\Debug\cl.command.1.tlog
d:\Docs\visual studio 2012\Projects\WinSiteServer\HTTPServer\Debug\CL.read.1.tlog
d:\Docs\visual studio 2012\Projects\WinSiteServer\HTTPServer\Debug\CL.write.1.tlog
d:\Docs\visual studio 2012\Projects\WinSiteServer\HTTPServer\Debug\HTTPServer.write.1.tlog
d:\Docs\visual studio 2012\Projects\WinSiteServer\HTTPServer\Debug\link-cvtres.read.1.tlog
d:\Docs\visual studio 2012\Projects\WinSiteServer\HTTPServer\Debug\link-cvtres.write.1.tlog
d:\Docs\visual studio 2012\Projects\WinSiteServer\HTTPServer\Debug\link-rc.read.1.tlog
d:\Docs\visual studio 2012\Projects\WinSiteServer\HTTPServer\Debug\link-rc.write.1.tlog
d:\Docs\visual studio 2012\Projects\WinSiteServer\HTTPServer\Debug\link.1400-cvtres.read.1.tlog
d:\Docs\visual studio 2012\Projects\WinSiteServer\HTTPServer\Debug\link.1400-cvtres.write.1.tlog
d:\Docs\visual studio 2012\Projects\WinSiteServer\HTTPServer\Debug\link.1400-rc.read.1.tlog
d:\Docs\visual studio 2012\Projects\WinSiteServer\HTTPServer\Debug\link.1400-rc.write.1.tlog
d:\Docs\visual studio 2012\Projects\WinSiteServer\HTTPServer\Debug\link.1400.read.1.tlog
d:\Docs\visual studio 2012\Projects\WinSiteServer\HTTPServer\Debug\link.1400.write.1.tlog
d:\Docs\visual studio 2012\Projects\WinSiteServer\HTTPServer\Debug\link.1524-cvtres.read.1.tlog
d:\Docs\visual studio 2012\Projects\WinSiteServer\HTTPServer\Debug\link.1524-cvtres.write.1.tlog
d:\Docs\visual studio 2012\Projects\WinSiteServer\HTTPServer\Debug\link.1524-rc.read.1.tlog
d:\Docs\visual studio 2012\Projects\WinSiteServer\HTTPServer\Debug\link.1524-rc.write.1.tlog
d:\Docs\visual studio 2012\Projects\WinSiteServer\HTTPServer\Debug\link.1524.read.1.tlog
d:\Docs\visual studio 2012\Projects\WinSiteServer\HTTPServer\Debug\link.1524.write.1.tlog
d:\Docs\visual studio 2012\Projects\WinSiteServer\HTTPServer\Debug\link.2288-cvtres.read.1.tlog
d:\Docs\visual studio 2012\Projects\WinSiteServer\HTTPServer\Debug\link.2288-cvtres.write.1.tlog
d:\Docs\visual studio 2012\Projects\WinSiteServer\HTTPServer\Debug\link.2288-rc.read.1.tlog
d:\Docs\visual studio 2012\Projects\WinSiteServer\HTTPServer\Debug\link.2288-rc.write.1.tlog
d:\Docs\visual studio 2012\Projects\WinSiteServer\HTTPServer\Debug\link.2288.read.1.tlog
d:\Docs\visual studio 2012\Projects\WinSiteServer\HTTPServer\Debug\link.2288.write.1.tlog
d:\Docs\visual studio 2012\Projects\WinSiteServer\HTTPServer\Debug\link.2464-cvtres.read.1.tlog
d:\Docs\visual studio 2012\Projects\WinSiteServer\HTTPServer\Debug\link.2464-cvtres.write.1.tlog
d:\Docs\visual studio 2012\Projects\WinSiteServer\HTTPServer\Debug\link.2464-rc.read.1.tlog
d:\Docs\visual studio 2012\Projects\WinSiteServer\HTTPServer\Debug\link.2464-rc.write.1.tlog
d:\Docs\visual studio 2012\Projects\WinSiteServer\HTTPServer\Debug\link.2464.read.1.tlog
d:\Docs\visual studio 2012\Projects\WinSiteServer\HTTPServer\Debug\link.2464.write.1.tlog
d:\Docs\visual studio 2012\Projects\WinSiteServer\HTTPServer\Debug\link.2960-cvtres.read.1.tlog
d:\Docs\visual studio 2012\Projects\WinSiteServer\HTTPServer\Debug\link.2960-cvtres.write.1.tlog
d:\Docs\visual studio 2012\Projects\WinSiteServer\HTTPServer\Debug\link.2960-rc.read.1.tlog
d:\Docs\visual studio 2012\Projects\WinSiteServer\HTTPServer\Debug\link.2960-rc.write.1.tlog
d:\Docs\visual studio 2012\Projects\WinSiteServer\HTTPServer\Debug\link.2960.read.1.tlog
d:\Docs\visual studio 2012\Projects\WinSiteServer\HTTPServer\Debug\link.2960.write.1.tlog
d:\Docs\visual studio 2012\Projects\WinSiteServer\HTTPServer\Debug\link.3172-cvtres.read.1.tlog
d:\Docs\visual studio 2012\Projects\WinSiteServer\HTTPServer\Debug\link.3172-cvtres.write.1.tlog
d:\Docs\visual studio 2012\Projects\WinSiteServer\HTTPServer\Debug\link.3172-rc.read.1.tlog
d:\Docs\visual studio 2012\Projects\WinSiteServer\HTTPServer\Debug\link.3172-rc.write.1.tlog
d:\Docs\visual studio 2012\Projects\WinSiteServer\HTTPServer\Debug\link.3172.read.1.tlog
d:\Docs\visual studio 2012\Projects\WinSiteServer\HTTPServer\Debug\link.3172.write.1.tlog
d:\Docs\visual studio 2012\Projects\WinSiteServer\HTTPServer\Debug\link.3504-cvtres.read.1.tlog
d:\Docs\visual studio 2012\Projects\WinSiteServer\HTTPServer\Debug\link.3504-cvtres.write.1.tlog
d:\Docs\visual studio 2012\Projects\WinSiteServer\HTTPServer\Debug\link.3504-rc.read.1.tlog
d:\Docs\visual studio 2012\Projects\WinSiteServer\HTTPServer\Debug\link.3504-rc.write.1.tlog
d:\Docs\visual studio 2012\Projects\WinSiteServer\HTTPServer\Debug\link.3504.read.1.tlog
d:\Docs\visual studio 2012\Projects\WinSiteServer\HTTPServer\Debug\link.3504.write.1.tlog
d:\Docs\visual studio 2012\Projects\WinSiteServer\HTTPServer\Debug\link.3820-cvtres.read.1.tlog
d:\Docs\visual studio 2012\Projects\WinSiteServer\HTTPServer\Debug\link.3820-cvtres.write.1.tlog
d:\Docs\visual studio 2012\Projects\WinSiteServer\HTTPServer\Debug\link.3820-rc.read.1.tlog
d:\Docs\visual studio 2012\Projects\WinSiteServer\HTTPServer\Debug\link.3820-rc.write.1.tlog
d:\Docs\visual studio 2012\Projects\WinSiteServer\HTTPServer\Debug\link.3820.read.1.tlog
d:\Docs\visual studio 2012\Projects\WinSiteServer\HTTPServer\Debug\link.3820.write.1.tlog
d:\Docs\visual studio 2012\Projects\WinSiteServer\HTTPServer\Debug\link.4692-cvtres.read.1.tlog
d:\Docs\visual studio 2012\Projects\WinSiteServer\HTTPServer\Debug\link.4692-cvtres.write.1.tlog
d:\Docs\visual studio 2012\Projects\WinSiteServer\HTTPServer\Debug\link.4692-rc.read.1.tlog
d:\Docs\visual studio 2012\Projects\WinSiteServer\HTTPServer\Debug\link.4692-rc.write.1.tlog
d:\Docs\visual studio 2012\Projects\WinSiteServer\HTTPServer\Debug\link.4692.read.1.tlog
d:\Docs\visual studio 2012\Projects\WinSiteServer\HTTPServer\Debug\link.4692.write.1.tlog
d:\Docs\visual studio 2012\Projects\WinSiteServer\HTTPServer\Debug\link.5492-cvtres.read.1.tlog
d:\Docs\visual studio 2012\Projects\WinSiteServer\HTTPServer\Debug\link.5492-cvtres.write.1.tlog
d:\Docs\visual studio 2012\Projects\WinSiteServer\HTTPServer\Debug\link.5492-rc.read.1.tlog
d:\Docs\visual studio 2012\Projects\WinSiteServer\HTTPServer\Debug\link.5492-rc.write.1.tlog
d:\Docs\visual studio 2012\Projects\WinSiteServer\HTTPServer\Debug\link.5492.read.1.tlog
d:\Docs\visual studio 2012\Projects\WinSiteServer\HTTPServer\Debug\link.5492.write.1.tlog
d:\Docs\visual studio 2012\Projects\WinSiteServer\HTTPServer\Debug\link.5556-cvtres.read.1.tlog
d:\Docs\visual studio 2012\Projects\WinSiteServer\HTTPServer\Debug\link.5556-cvtres.write.1.tlog
d:\Docs\visual studio 2012\Projects\WinSiteServer\HTTPServer\Debug\link.5556-rc.read.1.tlog
d:\Docs\visual studio 2012\Projects\WinSiteServer\HTTPServer\Debug\link.5556-rc.write.1.tlog
d:\Docs\visual studio 2012\Projects\WinSiteServer\HTTPServer\Debug\link.5556.read.1.tlog
d:\Docs\visual studio 2012\Projects\WinSiteServer\HTTPServer\Debug\link.5556.write.1.tlog
d:\Docs\visual studio 2012\Projects\WinSiteServer\HTTPServer\Debug\link.5592-cvtres.read.1.tlog
d:\Docs\visual studio 2012\Projects\WinSiteServer\HTTPServer\Debug\link.5592-cvtres.write.1.tlog
d:\Docs\visual studio 2012\Projects\WinSiteServer\HTTPServer\Debug\link.5592-rc.read.1.tlog
d:\Docs\visual studio 2012\Projects\WinSiteServer\HTTPServer\Debug\link.5592-rc.write.1.tlog
d:\Docs\visual studio 2012\Projects\WinSiteServer\HTTPServer\Debug\link.5592.read.1.tlog
d:\Docs\visual studio 2012\Projects\WinSiteServer\HTTPServer\Debug\link.5592.write.1.tlog
d:\Docs\visual studio 2012\Projects\WinSiteServer\HTTPServer\Debug\link.5604-cvtres.read.1.tlog
d:\Docs\visual studio 2012\Projects\WinSiteServer\HTTPServer\Debug\link.5604-cvtres.write.1.tlog
d:\Docs\visual studio 2012\Projects\WinSiteServer\HTTPServer\Debug\link.5604-rc.read.1.tlog
d:\Docs\visual studio 2012\Projects\WinSiteServer\HTTPServer\Debug\link.5604-rc.write.1.tlog
d:\Docs\visual studio 2012\Projects\WinSiteServer\HTTPServer\Debug\link.5604.read.1.tlog
d:\Docs\visual studio 2012\Projects\WinSiteServer\HTTPServer\Debug\link.5604.write.1.tlog
d:\Docs\visual studio 2012\Projects\WinSiteServer\HTTPServer\Debug\link.6020-cvtres.read.1.tlog
d:\Docs\visual studio 2012\Projects\WinSiteServer\HTTPServer\Debug\link.6020-cvtres.write.1.tlog
d:\Docs\visual studio 2012\Projects\WinSiteServer\HTTPServer\Debug\link.6020-rc.read.1.tlog
d:\Docs\visual studio 2012\Projects\WinSiteServer\HTTPServer\Debug\link.6020-rc.write.1.tlog
d:\Docs\visual studio 2012\Projects\WinSiteServer\HTTPServer\Debug\link.6020.read.1.tlog
d:\Docs\visual studio 2012\Projects\WinSiteServer\HTTPServer\Debug\link.6020.write.1.tlog
d:\Docs\visual studio 2012\Projects\WinSiteServer\HTTPServer\Debug\link.6240-cvtres.read.1.tlog
d:\Docs\visual studio 2012\Projects\WinSiteServer\HTTPServer\Debug\link.6240-cvtres.write.1.tlog
d:\Docs\visual studio 2012\Projects\WinSiteServer\HTTPServer\Debug\link.6240-rc.read.1.tlog
d:\Docs\visual studio 2012\Projects\WinSiteServer\HTTPServer\Debug\link.6240-rc.write.1.tlog
d:\Docs\visual studio 2012\Projects\WinSiteServer\HTTPServer\Debug\link.6240.read.1.tlog
d:\Docs\visual studio 2012\Projects\WinSiteServer\HTTPServer\Debug\link.6240.write.1.tlog
d:\Docs\visual studio 2012\Projects\WinSiteServer\HTTPServer\Debug\link.6648-cvtres.read.1.tlog
d:\Docs\visual studio 2012\Projects\WinSiteServer\HTTPServer\Debug\link.6648-cvtres.write.1.tlog
d:\Docs\visual studio 2012\Projects\WinSiteServer\HTTPServer\Debug\link.6648-rc.read.1.tlog
d:\Docs\visual studio 2012\Projects\WinSiteServer\HTTPServer\Debug\link.6648-rc.write.1.tlog
d:\Docs\visual studio 2012\Projects\WinSiteServer\HTTPServer\Debug\link.6648.read.1.tlog
d:\Docs\visual studio 2012\Projects\WinSiteServer\HTTPServer\Debug\link.6648.write.1.tlog
d:\Docs\visual studio 2012\Projects\WinSiteServer\HTTPServer\Debug\link.6808-cvtres.read.1.tlog
d:\Docs\visual studio 2012\Projects\WinSiteServer\HTTPServer\Debug\link.6808-cvtres.write.1.tlog
d:\Docs\visual studio 2012\Projects\WinSiteServer\HTTPServer\Debug\link.6808-rc.read.1.tlog
d:\Docs\visual studio 2012\Projects\WinSiteServer\HTTPServer\Debug\link.6808-rc.write.1.tlog
d:\Docs\visual studio 2012\Projects\WinSiteServer\HTTPServer\Debug\link.6808.read.1.tlog
d:\Docs\visual studio 2012\Projects\WinSiteServer\HTTPServer\Debug\link.6808.write.1.tlog
d:\Docs\visual studio 2012\Projects\WinSiteServer\HTTPServer\Debug\link.command.1.tlog
d:\Docs\visual studio 2012\Projects\WinSiteServer\HTTPServer\Debug\link.read.1.tlog
d:\Docs\visual studio 2012\Projects\WinSiteServer\HTTPServer\Debug\link.write.1.tlog
d:\Docs\visual studio 2012\Projects\WinSiteServer\HTTPServer\Debug\HTTPServer.pch
d:\Docs\visual studio 2012\Projects\WinSiteServer\HTTPServer\Debug\vc110.idb
d:\Docs\visual studio 2012\Projects\WinSiteServer\HTTPServer\Debug\vc110.pdb
d:\docs\visual studio 2012\Projects\WinSiteServer\Debug\HTTPServer.pdb
d:\docs\visual studio 2012\Projects\WinSiteServer\Debug\HTTPServer.dll
d:\docs\visual studio 2012\Projects\WinSiteServer\Debug\HTTPServer.ilk
