D:\DOCS\VISUAL STUDIO 2012\PROJECTS\WINSITESERVER\HTTPREQUESTHANDLER\RELEASE\HTTPREQUESTHANDLER.PCH
D:\DOCS\VISUAL STUDIO 2012\PROJECTS\WINSITESERVER\HTTPREQUESTHANDLER\RELEASE\STDAFX.OBJ
D:\DOCS\VISUAL STUDIO 2012\PROJECTS\WINSITESERVER\HTTPREQUESTHANDLER\RELEASE\VC110.PDB
D:\DOCS\VISUAL STUDIO 2012\PROJECTS\WINSITESERVER\HTTPREQUESTHANDLER\RELEASE\DLLMAIN.OBJ
D:\DOCS\VISUAL STUDIO 2012\PROJECTS\WINSITESERVER\HTTPREQUESTHANDLER\RELEASE\HTTPREQUESTHANDLER.OBJ
D:\DOCS\VISUAL STUDIO 2012\PROJECTS\WINSITESERVER\HTTPREQUESTHANDLER\RELEASE\HTTPHANDLER.OBJ
d:\docs\visual studio 2012\Projects\WinSiteServer\Release\HTTPRequestHandler.lib
d:\docs\visual studio 2012\Projects\WinSiteServer\Release\HTTPRequestHandler.exp
D:\DOCS\VISUAL STUDIO 2012\PROJECTS\WINSITESERVER\RELEASE\HTTPREQUESTHANDLER.DLL
d:\Docs\visual studio 2012\Projects\WinSiteServer\HTTPRequestHandler\Release\dllmain.obj
d:\Docs\visual studio 2012\Projects\WinSiteServer\HTTPRequestHandler\Release\HTTPHandler.obj
d:\Docs\visual studio 2012\Projects\WinSiteServer\HTTPRequestHandler\Release\HTTPRequestHandler.obj
d:\Docs\visual studio 2012\Projects\WinSiteServer\HTTPRequestHandler\Release\stdafx.obj
d:\Docs\visual studio 2012\Projects\WinSiteServer\HTTPRequestHandler\Release\cl.command.1.tlog
d:\Docs\visual studio 2012\Projects\WinSiteServer\HTTPRequestHandler\Release\CL.read.1.tlog
d:\Docs\visual studio 2012\Projects\WinSiteServer\HTTPRequestHandler\Release\CL.write.1.tlog
d:\Docs\visual studio 2012\Projects\WinSiteServer\HTTPRequestHandler\Release\HTTPRequestHandler.write.1.tlog
d:\Docs\visual studio 2012\Projects\WinSiteServer\HTTPRequestHandler\Release\link-cvtres.read.1.tlog
d:\Docs\visual studio 2012\Projects\WinSiteServer\HTTPRequestHandler\Release\link-cvtres.write.1.tlog
d:\Docs\visual studio 2012\Projects\WinSiteServer\HTTPRequestHandler\Release\link-rc.read.1.tlog
d:\Docs\visual studio 2012\Projects\WinSiteServer\HTTPRequestHandler\Release\link-rc.write.1.tlog
d:\Docs\visual studio 2012\Projects\WinSiteServer\HTTPRequestHandler\Release\link.command.1.tlog
d:\Docs\visual studio 2012\Projects\WinSiteServer\HTTPRequestHandler\Release\link.read.1.tlog
d:\Docs\visual studio 2012\Projects\WinSiteServer\HTTPRequestHandler\Release\link.write.1.tlog
d:\Docs\visual studio 2012\Projects\WinSiteServer\HTTPRequestHandler\Release\HTTPRequestHandler.pch
d:\Docs\visual studio 2012\Projects\WinSiteServer\HTTPRequestHandler\Release\vc110.pdb
d:\docs\visual studio 2012\Projects\WinSiteServer\Release\HTTPRequestHandler.pdb
d:\docs\visual studio 2012\Projects\WinSiteServer\Release\HTTPRequestHandler.dll
