D:\DOCS\VISUAL STUDIO 2012\PROJECTS\WINSITESERVER\WINSITESERVER\RELEASE\MAIN.OBJ
D:\DOCS\VISUAL STUDIO 2012\PROJECTS\WINSITESERVER\WINSITESERVER\RELEASE\VC110.PDB
D:\DOCS\VISUAL STUDIO 2012\PROJECTS\WINSITESERVER\RELEASE\WINSITESERVER.EXE
D:\DOCS\VISUAL STUDIO 2012\PROJECTS\WINSITESERVER\RELEASE\WINSITESERVER.PDB
D:\DOCS\VISUAL STUDIO 2012\PROJECTS\WINSITESERVER\WINSITESERVER\RELEASE\WINSITESERVER.RES
d:\docs\visual studio 2012\Projects\WinSiteServer\Release\WinSiteServer.lib
d:\docs\visual studio 2012\Projects\WinSiteServer\Release\WinSiteServer.exp
d:\Docs\visual studio 2012\Projects\WinSiteServer\WinSiteServer\Release\main.obj
d:\Docs\visual studio 2012\Projects\WinSiteServer\WinSiteServer\Release\cl.command.1.tlog
d:\Docs\visual studio 2012\Projects\WinSiteServer\WinSiteServer\Release\CL.read.1.tlog
d:\Docs\visual studio 2012\Projects\WinSiteServer\WinSiteServer\Release\CL.write.1.tlog
d:\Docs\visual studio 2012\Projects\WinSiteServer\WinSiteServer\Release\link-cvtres.read.1.tlog
d:\Docs\visual studio 2012\Projects\WinSiteServer\WinSiteServer\Release\link-cvtres.write.1.tlog
d:\Docs\visual studio 2012\Projects\WinSiteServer\WinSiteServer\Release\link-rc.read.1.tlog
d:\Docs\visual studio 2012\Projects\WinSiteServer\WinSiteServer\Release\link-rc.write.1.tlog
d:\Docs\visual studio 2012\Projects\WinSiteServer\WinSiteServer\Release\link.command.1.tlog
d:\Docs\visual studio 2012\Projects\WinSiteServer\WinSiteServer\Release\link.read.1.tlog
d:\Docs\visual studio 2012\Projects\WinSiteServer\WinSiteServer\Release\link.write.1.tlog
d:\Docs\visual studio 2012\Projects\WinSiteServer\WinSiteServer\Release\rc.command.1.tlog
d:\Docs\visual studio 2012\Projects\WinSiteServer\WinSiteServer\Release\rc.read.1.tlog
d:\Docs\visual studio 2012\Projects\WinSiteServer\WinSiteServer\Release\rc.write.1.tlog
d:\Docs\visual studio 2012\Projects\WinSiteServer\WinSiteServer\Release\WinSiteServer.write.1.tlog
d:\Docs\visual studio 2012\Projects\WinSiteServer\WinSiteServer\Release\WinSiteServer.res
d:\Docs\visual studio 2012\Projects\WinSiteServer\WinSiteServer\Release\vc110.pdb
d:\docs\visual studio 2012\Projects\WinSiteServer\Release\WinSiteServer.pdb
d:\docs\visual studio 2012\Projects\WinSiteServer\Release\WinSiteServer.exe
