D:\DOCS\VISUAL STUDIO 2012\PROJECTS\WINSITESERVER\HTTPSERVER\RELEASE\HTTPSERVER.PCH
D:\DOCS\VISUAL STUDIO 2012\PROJECTS\WINSITESERVER\HTTPSERVER\RELEASE\STDAFX.OBJ
D:\DOCS\VISUAL STUDIO 2012\PROJECTS\WINSITESERVER\HTTPSERVER\RELEASE\VC110.PDB
D:\DOCS\VISUAL STUDIO 2012\PROJECTS\WINSITESERVER\HTTPSERVER\RELEASE\DLLMAIN.OBJ
D:\DOCS\VISUAL STUDIO 2012\PROJECTS\WINSITESERVER\HTTPSERVER\RELEASE\TCPSERVER.OBJ
D:\DOCS\VISUAL STUDIO 2012\PROJECTS\WINSITESERVER\HTTPSERVER\RELEASE\HTTPSERVER.OBJ
D:\DOCS\VISUAL STUDIO 2012\PROJECTS\WINSITESERVER\HTTPSERVER\RELEASE\HTTPPARSER.OBJ
d:\docs\visual studio 2012\Projects\WinSiteServer\Release\HTTPServer.lib
d:\docs\visual studio 2012\Projects\WinSiteServer\Release\HTTPServer.exp
D:\DOCS\VISUAL STUDIO 2012\PROJECTS\WINSITESERVER\RELEASE\HTTPSERVER.DLL
D:\DOCS\VISUAL STUDIO 2012\PROJECTS\WINSITESERVER\RELEASE\HTTPSERVER.PDB
d:\Docs\visual studio 2012\Projects\WinSiteServer\HTTPServer\Release\dllmain.obj
d:\Docs\visual studio 2012\Projects\WinSiteServer\HTTPServer\Release\HTTPParser.obj
d:\Docs\visual studio 2012\Projects\WinSiteServer\HTTPServer\Release\HTTPServer.obj
d:\Docs\visual studio 2012\Projects\WinSiteServer\HTTPServer\Release\stdafx.obj
d:\Docs\visual studio 2012\Projects\WinSiteServer\HTTPServer\Release\TCPServer.obj
d:\Docs\visual studio 2012\Projects\WinSiteServer\HTTPServer\Release\cl.command.1.tlog
d:\Docs\visual studio 2012\Projects\WinSiteServer\HTTPServer\Release\CL.read.1.tlog
d:\Docs\visual studio 2012\Projects\WinSiteServer\HTTPServer\Release\CL.write.1.tlog
d:\Docs\visual studio 2012\Projects\WinSiteServer\HTTPServer\Release\HTTPServer.write.1.tlog
d:\Docs\visual studio 2012\Projects\WinSiteServer\HTTPServer\Release\link-cvtres.read.1.tlog
d:\Docs\visual studio 2012\Projects\WinSiteServer\HTTPServer\Release\link-cvtres.write.1.tlog
d:\Docs\visual studio 2012\Projects\WinSiteServer\HTTPServer\Release\link-rc.read.1.tlog
d:\Docs\visual studio 2012\Projects\WinSiteServer\HTTPServer\Release\link-rc.write.1.tlog
d:\Docs\visual studio 2012\Projects\WinSiteServer\HTTPServer\Release\link.command.1.tlog
d:\Docs\visual studio 2012\Projects\WinSiteServer\HTTPServer\Release\link.read.1.tlog
d:\Docs\visual studio 2012\Projects\WinSiteServer\HTTPServer\Release\link.write.1.tlog
d:\Docs\visual studio 2012\Projects\WinSiteServer\HTTPServer\Release\HTTPServer.pch
d:\Docs\visual studio 2012\Projects\WinSiteServer\HTTPServer\Release\vc110.pdb
d:\docs\visual studio 2012\Projects\WinSiteServer\Release\HTTPServer.pdb
d:\docs\visual studio 2012\Projects\WinSiteServer\Release\HTTPServer.dll
