  main.cpp
c:\other\from old\prog_backup\winsiteserver\24012014\winsiteserver\httprequesthandler\httphandler.h(9): warning C4251: HeaderData::Header: class "std::basic_string<char,std::char_traits<char>,std::allocator<char>>" должен иметь dll-интерфейс для использования клиентами struct "HeaderData"
  c:\program files (x86)\microsoft visual studio\2017\community\vc\tools\msvc\14.16.27023\include\xstring(4373): note:  см. объявление "std::basic_string<char,std::char_traits<char>,std::allocator<char>>"
c:\other\from old\prog_backup\winsiteserver\24012014\winsiteserver\httprequesthandler\httphandler.h(10): warning C4251: HeaderData::Value: class "std::basic_string<char,std::char_traits<char>,std::allocator<char>>" должен иметь dll-интерфейс для использования клиентами struct "HeaderData"
  c:\program files (x86)\microsoft visual studio\2017\community\vc\tools\msvc\14.16.27023\include\xstring(4373): note:  см. объявление "std::basic_string<char,std::char_traits<char>,std::allocator<char>>"
c:\other\from old\prog_backup\winsiteserver\24012014\winsiteserver\httprequesthandler\httphandler.h(15): warning C4251: URIData::varName: class "std::basic_string<char,std::char_traits<char>,std::allocator<char>>" должен иметь dll-интерфейс для использования клиентами struct "URIData"
  c:\program files (x86)\microsoft visual studio\2017\community\vc\tools\msvc\14.16.27023\include\xstring(4373): note:  см. объявление "std::basic_string<char,std::char_traits<char>,std::allocator<char>>"
c:\other\from old\prog_backup\winsiteserver\24012014\winsiteserver\httprequesthandler\httphandler.h(16): warning C4251: URIData::varValue: class "std::basic_string<char,std::char_traits<char>,std::allocator<char>>" должен иметь dll-интерфейс для использования клиентами struct "URIData"
  c:\program files (x86)\microsoft visual studio\2017\community\vc\tools\msvc\14.16.27023\include\xstring(4373): note:  см. объявление "std::basic_string<char,std::char_traits<char>,std::allocator<char>>"
c:\other\from old\prog_backup\winsiteserver\24012014\winsiteserver\httprequesthandler\httphandler.h(21): warning C4251: POSTData::varName: class "std::basic_string<char,std::char_traits<char>,std::allocator<char>>" должен иметь dll-интерфейс для использования клиентами struct "POSTData"
  c:\program files (x86)\microsoft visual studio\2017\community\vc\tools\msvc\14.16.27023\include\xstring(4373): note:  см. объявление "std::basic_string<char,std::char_traits<char>,std::allocator<char>>"
c:\other\from old\prog_backup\winsiteserver\24012014\winsiteserver\httprequesthandler\httphandler.h(22): warning C4251: POSTData::varValue: class "std::basic_string<char,std::char_traits<char>,std::allocator<char>>" должен иметь dll-интерфейс для использования клиентами struct "POSTData"
  c:\program files (x86)\microsoft visual studio\2017\community\vc\tools\msvc\14.16.27023\include\xstring(4373): note:  см. объявление "std::basic_string<char,std::char_traits<char>,std::allocator<char>>"
c:\other\from old\prog_backup\winsiteserver\24012014\winsiteserver\httprequesthandler\httphandler.h(30): warning C4251: HandleData::fileName: class "std::basic_string<char,std::char_traits<char>,std::allocator<char>>" должен иметь dll-интерфейс для использования клиентами struct "HandleData"
  c:\program files (x86)\microsoft visual studio\2017\community\vc\tools\msvc\14.16.27023\include\xstring(4373): note:  см. объявление "std::basic_string<char,std::char_traits<char>,std::allocator<char>>"
c:\other\from old\prog_backup\winsiteserver\24012014\winsiteserver\httprequesthandler\httphandler.h(32): warning C4251: HandleData::tempFileName: class "std::basic_string<char,std::char_traits<char>,std::allocator<char>>" должен иметь dll-интерфейс для использования клиентами struct "HandleData"
  c:\program files (x86)\microsoft visual studio\2017\community\vc\tools\msvc\14.16.27023\include\xstring(4373): note:  см. объявление "std::basic_string<char,std::char_traits<char>,std::allocator<char>>"
c:\other\from old\prog_backup\winsiteserver\24012014\winsiteserver\httprequesthandler\httphandler.h(35): warning C4251: HandleData::URIData: class "std::vector<URIDATA,std::allocator<_Ty>>" должен иметь dll-интерфейс для использования клиентами struct "HandleData"
          with
          [
              _Ty=URIDATA
          ]
  c:\other\from old\prog_backup\winsiteserver\24012014\winsiteserver\httprequesthandler\httphandler.h(35): note:  см. объявление "std::vector<URIDATA,std::allocator<_Ty>>"
          with
          [
              _Ty=URIDATA
          ]
c:\other\from old\prog_backup\winsiteserver\24012014\winsiteserver\httprequesthandler\httphandler.h(36): warning C4251: HandleData::POSTData: class "std::vector<POSTDATA,std::allocator<_Ty>>" должен иметь dll-интерфейс для использования клиентами struct "HandleData"
          with
          [
              _Ty=POSTDATA
          ]
  c:\other\from old\prog_backup\winsiteserver\24012014\winsiteserver\httprequesthandler\httphandler.h(36): note:  см. объявление "std::vector<POSTDATA,std::allocator<_Ty>>"
          with
          [
              _Ty=POSTDATA
          ]
c:\other\from old\prog_backup\winsiteserver\24012014\winsiteserver\httprequesthandler\httphandler.h(37): warning C4251: HandleData::Headers: class "std::vector<HDRDATA,std::allocator<_Ty>>" должен иметь dll-интерфейс для использования клиентами struct "HandleData"
          with
          [
              _Ty=HDRDATA
          ]
  c:\other\from old\prog_backup\winsiteserver\24012014\winsiteserver\httprequesthandler\httphandler.h(37): note:  см. объявление "std::vector<HDRDATA,std::allocator<_Ty>>"
          with
          [
              _Ty=HDRDATA
          ]
c:\other\from old\prog_backup\winsiteserver\24012014\winsiteserver\httprequesthandler\httphandler.h(40): warning C4251: HandleData::Method: class "std::basic_string<char,std::char_traits<char>,std::allocator<char>>" должен иметь dll-интерфейс для использования клиентами struct "HandleData"
  c:\program files (x86)\microsoft visual studio\2017\community\vc\tools\msvc\14.16.27023\include\xstring(4373): note:  см. объявление "std::basic_string<char,std::char_traits<char>,std::allocator<char>>"
c:\other\from old\prog_backup\winsiteserver\24012014\winsiteserver\httprequesthandler\httphandler.h(41): warning C4251: HandleData::URI: class "std::basic_string<char,std::char_traits<char>,std::allocator<char>>" должен иметь dll-интерфейс для использования клиентами struct "HandleData"
  c:\program files (x86)\microsoft visual studio\2017\community\vc\tools\msvc\14.16.27023\include\xstring(4373): note:  см. объявление "std::basic_string<char,std::char_traits<char>,std::allocator<char>>"
c:\other\from old\prog_backup\winsiteserver\24012014\winsiteserver\httprequesthandler\httphandler.h(42): warning C4251: HandleData::Version: class "std::basic_string<char,std::char_traits<char>,std::allocator<char>>" должен иметь dll-интерфейс для использования клиентами struct "HandleData"
  c:\program files (x86)\microsoft visual studio\2017\community\vc\tools\msvc\14.16.27023\include\xstring(4373): note:  см. объявление "std::basic_string<char,std::char_traits<char>,std::allocator<char>>"
c:\other\from old\prog_backup\winsiteserver\24012014\winsiteserver\httprequesthandler\httphandler.h(65): warning C4251: HTTPHandler::m_Version: class "std::basic_string<char,std::char_traits<char>,std::allocator<char>>" должен иметь dll-интерфейс для использования клиентами class "HTTPHandler"
  c:\program files (x86)\microsoft visual studio\2017\community\vc\tools\msvc\14.16.27023\include\xstring(4373): note:  см. объявление "std::basic_string<char,std::char_traits<char>,std::allocator<char>>"
c:\other\from old\prog_backup\winsiteserver\24012014\winsiteserver\httprequesthandler\httphandler.h(66): warning C4251: HTTPHandler::m_StatusCode: class "std::basic_string<char,std::char_traits<char>,std::allocator<char>>" должен иметь dll-интерфейс для использования клиентами class "HTTPHandler"
  c:\program files (x86)\microsoft visual studio\2017\community\vc\tools\msvc\14.16.27023\include\xstring(4373): note:  см. объявление "std::basic_string<char,std::char_traits<char>,std::allocator<char>>"
c:\other\from old\prog_backup\winsiteserver\24012014\winsiteserver\httprequesthandler\httphandler.h(67): warning C4251: HTTPHandler::m_ReasonPhrase: class "std::basic_string<char,std::char_traits<char>,std::allocator<char>>" должен иметь dll-интерфейс для использования клиентами class "HTTPHandler"
  c:\program files (x86)\microsoft visual studio\2017\community\vc\tools\msvc\14.16.27023\include\xstring(4373): note:  см. объявление "std::basic_string<char,std::char_traits<char>,std::allocator<char>>"
c:\other\from old\prog_backup\winsiteserver\24012014\winsiteserver\httprequesthandler\httphandler.h(70): warning C4251: HTTPHandler::m_sBuf: class "std::basic_string<char,std::char_traits<char>,std::allocator<char>>" должен иметь dll-интерфейс для использования клиентами class "HTTPHandler"
  c:\program files (x86)\microsoft visual studio\2017\community\vc\tools\msvc\14.16.27023\include\xstring(4373): note:  см. объявление "std::basic_string<char,std::char_traits<char>,std::allocator<char>>"
c:\other\from old\prog_backup\winsiteserver\24012014\winsiteserver\httpserver\httpparser.h(16): warning C4251: HTTPParser::m_Headers: class "std::vector<HDRDATA,std::allocator<_Ty>>" должен иметь dll-интерфейс для использования клиентами class "HTTPParser"
          with
          [
              _Ty=HDRDATA
          ]
  c:\other\from old\prog_backup\winsiteserver\24012014\winsiteserver\httprequesthandler\httphandler.h(37): note:  см. объявление "std::vector<HDRDATA,std::allocator<_Ty>>"
          with
          [
              _Ty=HDRDATA
          ]
c:\other\from old\prog_backup\winsiteserver\24012014\winsiteserver\httpserver\httpparser.h(17): warning C4251: HTTPParser::m_URIvariables: class "std::vector<URIDATA,std::allocator<_Ty>>" должен иметь dll-интерфейс для использования клиентами class "HTTPParser"
          with
          [
              _Ty=URIDATA
          ]
  c:\other\from old\prog_backup\winsiteserver\24012014\winsiteserver\httprequesthandler\httphandler.h(35): note:  см. объявление "std::vector<URIDATA,std::allocator<_Ty>>"
          with
          [
              _Ty=URIDATA
          ]
c:\other\from old\prog_backup\winsiteserver\24012014\winsiteserver\httpserver\httpparser.h(18): warning C4251: HTTPParser::m_POSTVariables: class "std::vector<POSTDATA,std::allocator<_Ty>>" должен иметь dll-интерфейс для использования клиентами class "HTTPParser"
          with
          [
              _Ty=POSTDATA
          ]
  c:\other\from old\prog_backup\winsiteserver\24012014\winsiteserver\httprequesthandler\httphandler.h(36): note:  см. объявление "std::vector<POSTDATA,std::allocator<_Ty>>"
          with
          [
              _Ty=POSTDATA
          ]
c:\other\from old\prog_backup\winsiteserver\24012014\winsiteserver\httpserver\httpparser.h(19): warning C4251: HTTPParser::m_Method: class "std::basic_string<char,std::char_traits<char>,std::allocator<char>>" должен иметь dll-интерфейс для использования клиентами class "HTTPParser"
  c:\program files (x86)\microsoft visual studio\2017\community\vc\tools\msvc\14.16.27023\include\xstring(4373): note:  см. объявление "std::basic_string<char,std::char_traits<char>,std::allocator<char>>"
c:\other\from old\prog_backup\winsiteserver\24012014\winsiteserver\httpserver\httpparser.h(20): warning C4251: HTTPParser::m_URI: class "std::basic_string<char,std::char_traits<char>,std::allocator<char>>" должен иметь dll-интерфейс для использования клиентами class "HTTPParser"
  c:\program files (x86)\microsoft visual studio\2017\community\vc\tools\msvc\14.16.27023\include\xstring(4373): note:  см. объявление "std::basic_string<char,std::char_traits<char>,std::allocator<char>>"
c:\other\from old\prog_backup\winsiteserver\24012014\winsiteserver\httpserver\httpparser.h(21): warning C4251: HTTPParser::m_Version: class "std::basic_string<char,std::char_traits<char>,std::allocator<char>>" должен иметь dll-интерфейс для использования клиентами class "HTTPParser"
  c:\program files (x86)\microsoft visual studio\2017\community\vc\tools\msvc\14.16.27023\include\xstring(4373): note:  см. объявление "std::basic_string<char,std::char_traits<char>,std::allocator<char>>"
c:\other\from old\prog_backup\winsiteserver\24012014\winsiteserver\httpserver\tcpserver.h(32): warning C4251: TCPServer::m_ClientDatas: class "std::vector<CLDATA,std::allocator<_Ty>>" должен иметь dll-интерфейс для использования клиентами class "TCPServer"
          with
          [
              _Ty=CLDATA
          ]
  c:\other\from old\prog_backup\winsiteserver\24012014\winsiteserver\httpserver\tcpserver.h(32): note:  см. объявление "std::vector<CLDATA,std::allocator<_Ty>>"
          with
          [
              _Ty=CLDATA
          ]
c:\other\from old\prog_backup\winsiteserver\24012014\winsiteserver\httpserver\tcpserver.h(37): warning C4251: TCPServer::m_logStr: class "std::basic_string<char,std::char_traits<char>,std::allocator<char>>" должен иметь dll-интерфейс для использования клиентами class "TCPServer"
  c:\program files (x86)\microsoft visual studio\2017\community\vc\tools\msvc\14.16.27023\include\xstring(4373): note:  см. объявление "std::basic_string<char,std::char_traits<char>,std::allocator<char>>"
  WinSiteServer.vcxproj -> C:\Other\From Old\prog_backup\WinSiteServer\24012014\WinSiteServer\Debug\WinSiteServer.exe
