D:\DOCS\VISUAL STUDIO 2012\PROJECTS\WINSITESERVER\WINSITESERVER\DEBUG\MAIN.OBJ
D:\DOCS\VISUAL STUDIO 2012\PROJECTS\WINSITESERVER\WINSITESERVER\DEBUG\VC110.PDB
D:\DOCS\VISUAL STUDIO 2012\PROJECTS\WINSITESERVER\DEBUG\WINSITESERVER.ILK
D:\DOCS\VISUAL STUDIO 2012\PROJECTS\WINSITESERVER\DEBUG\WINSITESERVER.EXE
D:\DOCS\VISUAL STUDIO 2012\PROJECTS\WINSITESERVER\DEBUG\WINSITESERVER.PDB
D:\DOCS\VISUAL STUDIO 2012\PROJECTS\WINSITESERVER\WINSITESERVER\DEBUG\WINSITESERVER.RES
d:\docs\visual studio 2012\Projects\WinSiteServer\Debug\WinSiteServer.lib
d:\docs\visual studio 2012\Projects\WinSiteServer\Debug\WinSiteServer.exp
d:\Docs\visual studio 2012\Projects\WinSiteServer\WinSiteServer\Debug\WinSiteServer.vcxprojResolveAssemblyReference.cache
d:\Docs\visual studio 2012\Projects\WinSiteServer\WinSiteServer\Debug\main.obj
d:\Docs\visual studio 2012\Projects\WinSiteServer\WinSiteServer\Debug\cl.command.1.tlog
d:\Docs\visual studio 2012\Projects\WinSiteServer\WinSiteServer\Debug\CL.read.1.tlog
d:\Docs\visual studio 2012\Projects\WinSiteServer\WinSiteServer\Debug\CL.write.1.tlog
d:\Docs\visual studio 2012\Projects\WinSiteServer\WinSiteServer\Debug\link-cvtres.read.1.tlog
d:\Docs\visual studio 2012\Projects\WinSiteServer\WinSiteServer\Debug\link-cvtres.write.1.tlog
d:\Docs\visual studio 2012\Projects\WinSiteServer\WinSiteServer\Debug\link-rc.read.1.tlog
d:\Docs\visual studio 2012\Projects\WinSiteServer\WinSiteServer\Debug\link-rc.write.1.tlog
d:\Docs\visual studio 2012\Projects\WinSiteServer\WinSiteServer\Debug\link.2380-cvtres.read.1.tlog
d:\Docs\visual studio 2012\Projects\WinSiteServer\WinSiteServer\Debug\link.2380-cvtres.write.1.tlog
d:\Docs\visual studio 2012\Projects\WinSiteServer\WinSiteServer\Debug\link.2380-rc.read.1.tlog
d:\Docs\visual studio 2012\Projects\WinSiteServer\WinSiteServer\Debug\link.2380-rc.write.1.tlog
d:\Docs\visual studio 2012\Projects\WinSiteServer\WinSiteServer\Debug\link.2380.read.1.tlog
d:\Docs\visual studio 2012\Projects\WinSiteServer\WinSiteServer\Debug\link.2380.write.1.tlog
d:\Docs\visual studio 2012\Projects\WinSiteServer\WinSiteServer\Debug\link.2576-cvtres.read.1.tlog
d:\Docs\visual studio 2012\Projects\WinSiteServer\WinSiteServer\Debug\link.2576-cvtres.write.1.tlog
d:\Docs\visual studio 2012\Projects\WinSiteServer\WinSiteServer\Debug\link.2576-rc.read.1.tlog
d:\Docs\visual studio 2012\Projects\WinSiteServer\WinSiteServer\Debug\link.2576-rc.write.1.tlog
d:\Docs\visual studio 2012\Projects\WinSiteServer\WinSiteServer\Debug\link.2576.read.1.tlog
d:\Docs\visual studio 2012\Projects\WinSiteServer\WinSiteServer\Debug\link.2576.write.1.tlog
d:\Docs\visual studio 2012\Projects\WinSiteServer\WinSiteServer\Debug\link.3116-cvtres.read.1.tlog
d:\Docs\visual studio 2012\Projects\WinSiteServer\WinSiteServer\Debug\link.3116-cvtres.write.1.tlog
d:\Docs\visual studio 2012\Projects\WinSiteServer\WinSiteServer\Debug\link.3116-rc.read.1.tlog
d:\Docs\visual studio 2012\Projects\WinSiteServer\WinSiteServer\Debug\link.3116-rc.write.1.tlog
d:\Docs\visual studio 2012\Projects\WinSiteServer\WinSiteServer\Debug\link.3116.read.1.tlog
d:\Docs\visual studio 2012\Projects\WinSiteServer\WinSiteServer\Debug\link.3116.write.1.tlog
d:\Docs\visual studio 2012\Projects\WinSiteServer\WinSiteServer\Debug\link.3628-cvtres.read.1.tlog
d:\Docs\visual studio 2012\Projects\WinSiteServer\WinSiteServer\Debug\link.3628-cvtres.write.1.tlog
d:\Docs\visual studio 2012\Projects\WinSiteServer\WinSiteServer\Debug\link.3628-rc.read.1.tlog
d:\Docs\visual studio 2012\Projects\WinSiteServer\WinSiteServer\Debug\link.3628-rc.write.1.tlog
d:\Docs\visual studio 2012\Projects\WinSiteServer\WinSiteServer\Debug\link.3628.read.1.tlog
d:\Docs\visual studio 2012\Projects\WinSiteServer\WinSiteServer\Debug\link.3628.write.1.tlog
d:\Docs\visual studio 2012\Projects\WinSiteServer\WinSiteServer\Debug\link.4000-cvtres.read.1.tlog
d:\Docs\visual studio 2012\Projects\WinSiteServer\WinSiteServer\Debug\link.4000-cvtres.write.1.tlog
d:\Docs\visual studio 2012\Projects\WinSiteServer\WinSiteServer\Debug\link.4000-rc.read.1.tlog
d:\Docs\visual studio 2012\Projects\WinSiteServer\WinSiteServer\Debug\link.4000-rc.write.1.tlog
d:\Docs\visual studio 2012\Projects\WinSiteServer\WinSiteServer\Debug\link.4000.read.1.tlog
d:\Docs\visual studio 2012\Projects\WinSiteServer\WinSiteServer\Debug\link.4000.write.1.tlog
d:\Docs\visual studio 2012\Projects\WinSiteServer\WinSiteServer\Debug\link.408-cvtres.read.1.tlog
d:\Docs\visual studio 2012\Projects\WinSiteServer\WinSiteServer\Debug\link.408-cvtres.write.1.tlog
d:\Docs\visual studio 2012\Projects\WinSiteServer\WinSiteServer\Debug\link.408-rc.read.1.tlog
d:\Docs\visual studio 2012\Projects\WinSiteServer\WinSiteServer\Debug\link.408-rc.write.1.tlog
d:\Docs\visual studio 2012\Projects\WinSiteServer\WinSiteServer\Debug\link.408.read.1.tlog
d:\Docs\visual studio 2012\Projects\WinSiteServer\WinSiteServer\Debug\link.408.write.1.tlog
d:\Docs\visual studio 2012\Projects\WinSiteServer\WinSiteServer\Debug\link.4408-cvtres.read.1.tlog
d:\Docs\visual studio 2012\Projects\WinSiteServer\WinSiteServer\Debug\link.4408-cvtres.write.1.tlog
d:\Docs\visual studio 2012\Projects\WinSiteServer\WinSiteServer\Debug\link.4408-rc.read.1.tlog
d:\Docs\visual studio 2012\Projects\WinSiteServer\WinSiteServer\Debug\link.4408-rc.write.1.tlog
d:\Docs\visual studio 2012\Projects\WinSiteServer\WinSiteServer\Debug\link.4408.read.1.tlog
d:\Docs\visual studio 2012\Projects\WinSiteServer\WinSiteServer\Debug\link.4408.write.1.tlog
d:\Docs\visual studio 2012\Projects\WinSiteServer\WinSiteServer\Debug\link.4648-cvtres.read.1.tlog
d:\Docs\visual studio 2012\Projects\WinSiteServer\WinSiteServer\Debug\link.4648-cvtres.write.1.tlog
d:\Docs\visual studio 2012\Projects\WinSiteServer\WinSiteServer\Debug\link.4648-rc.read.1.tlog
d:\Docs\visual studio 2012\Projects\WinSiteServer\WinSiteServer\Debug\link.4648-rc.write.1.tlog
d:\Docs\visual studio 2012\Projects\WinSiteServer\WinSiteServer\Debug\link.4648.read.1.tlog
d:\Docs\visual studio 2012\Projects\WinSiteServer\WinSiteServer\Debug\link.4648.write.1.tlog
d:\Docs\visual studio 2012\Projects\WinSiteServer\WinSiteServer\Debug\link.4740-cvtres.read.1.tlog
d:\Docs\visual studio 2012\Projects\WinSiteServer\WinSiteServer\Debug\link.4740-cvtres.write.1.tlog
d:\Docs\visual studio 2012\Projects\WinSiteServer\WinSiteServer\Debug\link.4740-rc.read.1.tlog
d:\Docs\visual studio 2012\Projects\WinSiteServer\WinSiteServer\Debug\link.4740-rc.write.1.tlog
d:\Docs\visual studio 2012\Projects\WinSiteServer\WinSiteServer\Debug\link.4740.read.1.tlog
d:\Docs\visual studio 2012\Projects\WinSiteServer\WinSiteServer\Debug\link.4740.write.1.tlog
d:\Docs\visual studio 2012\Projects\WinSiteServer\WinSiteServer\Debug\link.4764-cvtres.read.1.tlog
d:\Docs\visual studio 2012\Projects\WinSiteServer\WinSiteServer\Debug\link.4764-cvtres.write.1.tlog
d:\Docs\visual studio 2012\Projects\WinSiteServer\WinSiteServer\Debug\link.4764-rc.read.1.tlog
d:\Docs\visual studio 2012\Projects\WinSiteServer\WinSiteServer\Debug\link.4764-rc.write.1.tlog
d:\Docs\visual studio 2012\Projects\WinSiteServer\WinSiteServer\Debug\link.4764.read.1.tlog
d:\Docs\visual studio 2012\Projects\WinSiteServer\WinSiteServer\Debug\link.4764.write.1.tlog
d:\Docs\visual studio 2012\Projects\WinSiteServer\WinSiteServer\Debug\link.4800-cvtres.read.1.tlog
d:\Docs\visual studio 2012\Projects\WinSiteServer\WinSiteServer\Debug\link.4800-cvtres.write.1.tlog
d:\Docs\visual studio 2012\Projects\WinSiteServer\WinSiteServer\Debug\link.4800-rc.read.1.tlog
d:\Docs\visual studio 2012\Projects\WinSiteServer\WinSiteServer\Debug\link.4800-rc.write.1.tlog
d:\Docs\visual studio 2012\Projects\WinSiteServer\WinSiteServer\Debug\link.4800.read.1.tlog
d:\Docs\visual studio 2012\Projects\WinSiteServer\WinSiteServer\Debug\link.4800.write.1.tlog
d:\Docs\visual studio 2012\Projects\WinSiteServer\WinSiteServer\Debug\link.5312-cvtres.read.1.tlog
d:\Docs\visual studio 2012\Projects\WinSiteServer\WinSiteServer\Debug\link.5312-cvtres.write.1.tlog
d:\Docs\visual studio 2012\Projects\WinSiteServer\WinSiteServer\Debug\link.5312-rc.read.1.tlog
d:\Docs\visual studio 2012\Projects\WinSiteServer\WinSiteServer\Debug\link.5312-rc.write.1.tlog
d:\Docs\visual studio 2012\Projects\WinSiteServer\WinSiteServer\Debug\link.5312.read.1.tlog
d:\Docs\visual studio 2012\Projects\WinSiteServer\WinSiteServer\Debug\link.5312.write.1.tlog
d:\Docs\visual studio 2012\Projects\WinSiteServer\WinSiteServer\Debug\link.5584-cvtres.read.1.tlog
d:\Docs\visual studio 2012\Projects\WinSiteServer\WinSiteServer\Debug\link.5584-cvtres.write.1.tlog
d:\Docs\visual studio 2012\Projects\WinSiteServer\WinSiteServer\Debug\link.5584-rc.read.1.tlog
d:\Docs\visual studio 2012\Projects\WinSiteServer\WinSiteServer\Debug\link.5584-rc.write.1.tlog
d:\Docs\visual studio 2012\Projects\WinSiteServer\WinSiteServer\Debug\link.5584.read.1.tlog
d:\Docs\visual studio 2012\Projects\WinSiteServer\WinSiteServer\Debug\link.5584.write.1.tlog
d:\Docs\visual studio 2012\Projects\WinSiteServer\WinSiteServer\Debug\link.5908-cvtres.read.1.tlog
d:\Docs\visual studio 2012\Projects\WinSiteServer\WinSiteServer\Debug\link.5908-cvtres.write.1.tlog
d:\Docs\visual studio 2012\Projects\WinSiteServer\WinSiteServer\Debug\link.5908-rc.read.1.tlog
d:\Docs\visual studio 2012\Projects\WinSiteServer\WinSiteServer\Debug\link.5908-rc.write.1.tlog
d:\Docs\visual studio 2012\Projects\WinSiteServer\WinSiteServer\Debug\link.5908.read.1.tlog
d:\Docs\visual studio 2012\Projects\WinSiteServer\WinSiteServer\Debug\link.5908.write.1.tlog
d:\Docs\visual studio 2012\Projects\WinSiteServer\WinSiteServer\Debug\link.5964-cvtres.read.1.tlog
d:\Docs\visual studio 2012\Projects\WinSiteServer\WinSiteServer\Debug\link.5964-cvtres.write.1.tlog
d:\Docs\visual studio 2012\Projects\WinSiteServer\WinSiteServer\Debug\link.5964-rc.read.1.tlog
d:\Docs\visual studio 2012\Projects\WinSiteServer\WinSiteServer\Debug\link.5964-rc.write.1.tlog
d:\Docs\visual studio 2012\Projects\WinSiteServer\WinSiteServer\Debug\link.5964.read.1.tlog
d:\Docs\visual studio 2012\Projects\WinSiteServer\WinSiteServer\Debug\link.5964.write.1.tlog
d:\Docs\visual studio 2012\Projects\WinSiteServer\WinSiteServer\Debug\link.6032-cvtres.read.1.tlog
d:\Docs\visual studio 2012\Projects\WinSiteServer\WinSiteServer\Debug\link.6032-cvtres.write.1.tlog
d:\Docs\visual studio 2012\Projects\WinSiteServer\WinSiteServer\Debug\link.6032-rc.read.1.tlog
d:\Docs\visual studio 2012\Projects\WinSiteServer\WinSiteServer\Debug\link.6032-rc.write.1.tlog
d:\Docs\visual studio 2012\Projects\WinSiteServer\WinSiteServer\Debug\link.6032.read.1.tlog
d:\Docs\visual studio 2012\Projects\WinSiteServer\WinSiteServer\Debug\link.6032.write.1.tlog
d:\Docs\visual studio 2012\Projects\WinSiteServer\WinSiteServer\Debug\link.6196-cvtres.read.1.tlog
d:\Docs\visual studio 2012\Projects\WinSiteServer\WinSiteServer\Debug\link.6196-cvtres.write.1.tlog
d:\Docs\visual studio 2012\Projects\WinSiteServer\WinSiteServer\Debug\link.6196-rc.read.1.tlog
d:\Docs\visual studio 2012\Projects\WinSiteServer\WinSiteServer\Debug\link.6196-rc.write.1.tlog
d:\Docs\visual studio 2012\Projects\WinSiteServer\WinSiteServer\Debug\link.6196.read.1.tlog
d:\Docs\visual studio 2012\Projects\WinSiteServer\WinSiteServer\Debug\link.6196.write.1.tlog
d:\Docs\visual studio 2012\Projects\WinSiteServer\WinSiteServer\Debug\link.command.1.tlog
d:\Docs\visual studio 2012\Projects\WinSiteServer\WinSiteServer\Debug\link.read.1.tlog
d:\Docs\visual studio 2012\Projects\WinSiteServer\WinSiteServer\Debug\link.write.1.tlog
d:\Docs\visual studio 2012\Projects\WinSiteServer\WinSiteServer\Debug\rc.command.1.tlog
d:\Docs\visual studio 2012\Projects\WinSiteServer\WinSiteServer\Debug\rc.read.1.tlog
d:\Docs\visual studio 2012\Projects\WinSiteServer\WinSiteServer\Debug\rc.write.1.tlog
d:\Docs\visual studio 2012\Projects\WinSiteServer\WinSiteServer\Debug\WinSiteServer.write.1.tlog
d:\Docs\visual studio 2012\Projects\WinSiteServer\WinSiteServer\Debug\WinSiteServer.res
d:\Docs\visual studio 2012\Projects\WinSiteServer\WinSiteServer\Debug\vc110.idb
d:\Docs\visual studio 2012\Projects\WinSiteServer\WinSiteServer\Debug\vc110.pdb
d:\docs\visual studio 2012\Projects\WinSiteServer\Debug\WinSiteServer.pdb
d:\docs\visual studio 2012\Projects\WinSiteServer\Debug\WinSiteServer.exe
d:\docs\visual studio 2012\Projects\WinSiteServer\Debug\WinSiteServer.ilk
