D:\DOCS\VISUAL STUDIO 2012\PROJECTS\WINSITESERVER\HTTPREQUESTHANDLER\DEBUG\HTTPREQUESTHANDLER.PCH
D:\DOCS\VISUAL STUDIO 2012\PROJECTS\WINSITESERVER\HTTPREQUESTHANDLER\DEBUG\STDAFX.OBJ
D:\DOCS\VISUAL STUDIO 2012\PROJECTS\WINSITESERVER\HTTPREQUESTHANDLER\DEBUG\VC110.PDB
D:\DOCS\VISUAL STUDIO 2012\PROJECTS\WINSITESERVER\HTTPREQUESTHANDLER\DEBUG\DLLMAIN.OBJ
D:\DOCS\VISUAL STUDIO 2012\PROJECTS\WINSITESERVER\HTTPREQUESTHANDLER\DEBUG\HTTPHANDLER.OBJ
D:\DOCS\VISUAL STUDIO 2012\PROJECTS\WINSITESERVER\HTTPREQUESTHANDLER\DEBUG\HTTPREQUESTHANDLER.OBJ
d:\docs\visual studio 2012\Projects\WinSiteServer\Debug\HTTPRequestHandler.lib
d:\docs\visual studio 2012\Projects\WinSiteServer\Debug\HTTPRequestHandler.exp
D:\DOCS\VISUAL STUDIO 2012\PROJECTS\WINSITESERVER\DEBUG\HTTPREQUESTHANDLER.ILK
D:\DOCS\VISUAL STUDIO 2012\PROJECTS\WINSITESERVER\DEBUG\HTTPREQUESTHANDLER.DLL
D:\DOCS\VISUAL STUDIO 2012\PROJECTS\WINSITESERVER\DEBUG\HTTPREQUESTHANDLER.PDB
d:\Docs\visual studio 2012\Projects\WinSiteServer\HTTPRequestHandler\Debug\dllmain.obj
d:\Docs\visual studio 2012\Projects\WinSiteServer\HTTPRequestHandler\Debug\HTTPHandler.obj
d:\Docs\visual studio 2012\Projects\WinSiteServer\HTTPRequestHandler\Debug\HTTPRequestHandler.obj
d:\Docs\visual studio 2012\Projects\WinSiteServer\HTTPRequestHandler\Debug\stdafx.obj
d:\Docs\visual studio 2012\Projects\WinSiteServer\HTTPRequestHandler\Debug\cl.command.1.tlog
d:\Docs\visual studio 2012\Projects\WinSiteServer\HTTPRequestHandler\Debug\CL.read.1.tlog
d:\Docs\visual studio 2012\Projects\WinSiteServer\HTTPRequestHandler\Debug\CL.write.1.tlog
d:\Docs\visual studio 2012\Projects\WinSiteServer\HTTPRequestHandler\Debug\HTTPRequestHandler.write.1.tlog
d:\Docs\visual studio 2012\Projects\WinSiteServer\HTTPRequestHandler\Debug\link-cvtres.read.1.tlog
d:\Docs\visual studio 2012\Projects\WinSiteServer\HTTPRequestHandler\Debug\link-cvtres.write.1.tlog
d:\Docs\visual studio 2012\Projects\WinSiteServer\HTTPRequestHandler\Debug\link-rc.read.1.tlog
d:\Docs\visual studio 2012\Projects\WinSiteServer\HTTPRequestHandler\Debug\link-rc.write.1.tlog
d:\Docs\visual studio 2012\Projects\WinSiteServer\HTTPRequestHandler\Debug\link.1120-cvtres.read.1.tlog
d:\Docs\visual studio 2012\Projects\WinSiteServer\HTTPRequestHandler\Debug\link.1120-cvtres.write.1.tlog
d:\Docs\visual studio 2012\Projects\WinSiteServer\HTTPRequestHandler\Debug\link.1120-rc.read.1.tlog
d:\Docs\visual studio 2012\Projects\WinSiteServer\HTTPRequestHandler\Debug\link.1120-rc.write.1.tlog
d:\Docs\visual studio 2012\Projects\WinSiteServer\HTTPRequestHandler\Debug\link.1120.read.1.tlog
d:\Docs\visual studio 2012\Projects\WinSiteServer\HTTPRequestHandler\Debug\link.1120.write.1.tlog
d:\Docs\visual studio 2012\Projects\WinSiteServer\HTTPRequestHandler\Debug\link.1408-cvtres.read.1.tlog
d:\Docs\visual studio 2012\Projects\WinSiteServer\HTTPRequestHandler\Debug\link.1408-cvtres.write.1.tlog
d:\Docs\visual studio 2012\Projects\WinSiteServer\HTTPRequestHandler\Debug\link.1408-rc.read.1.tlog
d:\Docs\visual studio 2012\Projects\WinSiteServer\HTTPRequestHandler\Debug\link.1408-rc.write.1.tlog
d:\Docs\visual studio 2012\Projects\WinSiteServer\HTTPRequestHandler\Debug\link.1408.read.1.tlog
d:\Docs\visual studio 2012\Projects\WinSiteServer\HTTPRequestHandler\Debug\link.1408.write.1.tlog
d:\Docs\visual studio 2012\Projects\WinSiteServer\HTTPRequestHandler\Debug\link.1592-cvtres.read.1.tlog
d:\Docs\visual studio 2012\Projects\WinSiteServer\HTTPRequestHandler\Debug\link.1592-cvtres.write.1.tlog
d:\Docs\visual studio 2012\Projects\WinSiteServer\HTTPRequestHandler\Debug\link.1592-rc.read.1.tlog
d:\Docs\visual studio 2012\Projects\WinSiteServer\HTTPRequestHandler\Debug\link.1592-rc.write.1.tlog
d:\Docs\visual studio 2012\Projects\WinSiteServer\HTTPRequestHandler\Debug\link.1592.read.1.tlog
d:\Docs\visual studio 2012\Projects\WinSiteServer\HTTPRequestHandler\Debug\link.1592.write.1.tlog
d:\Docs\visual studio 2012\Projects\WinSiteServer\HTTPRequestHandler\Debug\link.3296-cvtres.read.1.tlog
d:\Docs\visual studio 2012\Projects\WinSiteServer\HTTPRequestHandler\Debug\link.3296-cvtres.write.1.tlog
d:\Docs\visual studio 2012\Projects\WinSiteServer\HTTPRequestHandler\Debug\link.3296-rc.read.1.tlog
d:\Docs\visual studio 2012\Projects\WinSiteServer\HTTPRequestHandler\Debug\link.3296-rc.write.1.tlog
d:\Docs\visual studio 2012\Projects\WinSiteServer\HTTPRequestHandler\Debug\link.3296.read.1.tlog
d:\Docs\visual studio 2012\Projects\WinSiteServer\HTTPRequestHandler\Debug\link.3296.write.1.tlog
d:\Docs\visual studio 2012\Projects\WinSiteServer\HTTPRequestHandler\Debug\link.3600-cvtres.read.1.tlog
d:\Docs\visual studio 2012\Projects\WinSiteServer\HTTPRequestHandler\Debug\link.3600-cvtres.write.1.tlog
d:\Docs\visual studio 2012\Projects\WinSiteServer\HTTPRequestHandler\Debug\link.3600-rc.read.1.tlog
d:\Docs\visual studio 2012\Projects\WinSiteServer\HTTPRequestHandler\Debug\link.3600-rc.write.1.tlog
d:\Docs\visual studio 2012\Projects\WinSiteServer\HTTPRequestHandler\Debug\link.3600.read.1.tlog
d:\Docs\visual studio 2012\Projects\WinSiteServer\HTTPRequestHandler\Debug\link.3600.write.1.tlog
d:\Docs\visual studio 2012\Projects\WinSiteServer\HTTPRequestHandler\Debug\link.3760-cvtres.read.1.tlog
d:\Docs\visual studio 2012\Projects\WinSiteServer\HTTPRequestHandler\Debug\link.3760-cvtres.write.1.tlog
d:\Docs\visual studio 2012\Projects\WinSiteServer\HTTPRequestHandler\Debug\link.3760-rc.read.1.tlog
d:\Docs\visual studio 2012\Projects\WinSiteServer\HTTPRequestHandler\Debug\link.3760-rc.write.1.tlog
d:\Docs\visual studio 2012\Projects\WinSiteServer\HTTPRequestHandler\Debug\link.3760.read.1.tlog
d:\Docs\visual studio 2012\Projects\WinSiteServer\HTTPRequestHandler\Debug\link.3760.write.1.tlog
d:\Docs\visual studio 2012\Projects\WinSiteServer\HTTPRequestHandler\Debug\link.3824-cvtres.read.1.tlog
d:\Docs\visual studio 2012\Projects\WinSiteServer\HTTPRequestHandler\Debug\link.3824-cvtres.write.1.tlog
d:\Docs\visual studio 2012\Projects\WinSiteServer\HTTPRequestHandler\Debug\link.3824-rc.read.1.tlog
d:\Docs\visual studio 2012\Projects\WinSiteServer\HTTPRequestHandler\Debug\link.3824-rc.write.1.tlog
d:\Docs\visual studio 2012\Projects\WinSiteServer\HTTPRequestHandler\Debug\link.3824.read.1.tlog
d:\Docs\visual studio 2012\Projects\WinSiteServer\HTTPRequestHandler\Debug\link.3824.write.1.tlog
d:\Docs\visual studio 2012\Projects\WinSiteServer\HTTPRequestHandler\Debug\link.4456-cvtres.read.1.tlog
d:\Docs\visual studio 2012\Projects\WinSiteServer\HTTPRequestHandler\Debug\link.4456-cvtres.write.1.tlog
d:\Docs\visual studio 2012\Projects\WinSiteServer\HTTPRequestHandler\Debug\link.4456-rc.read.1.tlog
d:\Docs\visual studio 2012\Projects\WinSiteServer\HTTPRequestHandler\Debug\link.4456-rc.write.1.tlog
d:\Docs\visual studio 2012\Projects\WinSiteServer\HTTPRequestHandler\Debug\link.4456.read.1.tlog
d:\Docs\visual studio 2012\Projects\WinSiteServer\HTTPRequestHandler\Debug\link.4456.write.1.tlog
d:\Docs\visual studio 2012\Projects\WinSiteServer\HTTPRequestHandler\Debug\link.4748-cvtres.read.1.tlog
d:\Docs\visual studio 2012\Projects\WinSiteServer\HTTPRequestHandler\Debug\link.4748-cvtres.write.1.tlog
d:\Docs\visual studio 2012\Projects\WinSiteServer\HTTPRequestHandler\Debug\link.4748-rc.read.1.tlog
d:\Docs\visual studio 2012\Projects\WinSiteServer\HTTPRequestHandler\Debug\link.4748-rc.write.1.tlog
d:\Docs\visual studio 2012\Projects\WinSiteServer\HTTPRequestHandler\Debug\link.4748.read.1.tlog
d:\Docs\visual studio 2012\Projects\WinSiteServer\HTTPRequestHandler\Debug\link.4748.write.1.tlog
d:\Docs\visual studio 2012\Projects\WinSiteServer\HTTPRequestHandler\Debug\link.command.1.tlog
d:\Docs\visual studio 2012\Projects\WinSiteServer\HTTPRequestHandler\Debug\link.read.1.tlog
d:\Docs\visual studio 2012\Projects\WinSiteServer\HTTPRequestHandler\Debug\link.write.1.tlog
d:\Docs\visual studio 2012\Projects\WinSiteServer\HTTPRequestHandler\Debug\HTTPRequestHandler.pch
d:\Docs\visual studio 2012\Projects\WinSiteServer\HTTPRequestHandler\Debug\vc110.idb
d:\Docs\visual studio 2012\Projects\WinSiteServer\HTTPRequestHandler\Debug\vc110.pdb
d:\docs\visual studio 2012\Projects\WinSiteServer\Debug\HTTPRequestHandler.pdb
d:\docs\visual studio 2012\Projects\WinSiteServer\Debug\HTTPRequestHandler.dll
d:\docs\visual studio 2012\Projects\WinSiteServer\Debug\HTTPRequestHandler.ilk
