  stdafx.cpp
c:\other\from old\prog_backup\winsiteserver\24012014\winsiteserver\httprequesthandler\httphandler.h(9): warning C4251: HeaderData::Header: class "std::basic_string<char,std::char_traits<char>,std::allocator<char>>" должен иметь dll-интерфейс для использования клиентами struct "HeaderData"
  c:\program files (x86)\microsoft visual studio\2017\community\vc\tools\msvc\14.16.27023\include\xstring(4373): note:  см. объявление "std::basic_string<char,std::char_traits<char>,std::allocator<char>>"
c:\other\from old\prog_backup\winsiteserver\24012014\winsiteserver\httprequesthandler\httphandler.h(10): warning C4251: HeaderData::Value: class "std::basic_string<char,std::char_traits<char>,std::allocator<char>>" должен иметь dll-интерфейс для использования клиентами struct "HeaderData"
  c:\program files (x86)\microsoft visual studio\2017\community\vc\tools\msvc\14.16.27023\include\xstring(4373): note:  см. объявление "std::basic_string<char,std::char_traits<char>,std::allocator<char>>"
c:\other\from old\prog_backup\winsiteserver\24012014\winsiteserver\httprequesthandler\httphandler.h(15): warning C4251: URIData::varName: class "std::basic_string<char,std::char_traits<char>,std::allocator<char>>" должен иметь dll-интерфейс для использования клиентами struct "URIData"
  c:\program files (x86)\microsoft visual studio\2017\community\vc\tools\msvc\14.16.27023\include\xstring(4373): note:  см. объявление "std::basic_string<char,std::char_traits<char>,std::allocator<char>>"
c:\other\from old\prog_backup\winsiteserver\24012014\winsiteserver\httprequesthandler\httphandler.h(16): warning C4251: URIData::varValue: class "std::basic_string<char,std::char_traits<char>,std::allocator<char>>" должен иметь dll-интерфейс для использования клиентами struct "URIData"
  c:\program files (x86)\microsoft visual studio\2017\community\vc\tools\msvc\14.16.27023\include\xstring(4373): note:  см. объявление "std::basic_string<char,std::char_traits<char>,std::allocator<char>>"
c:\other\from old\prog_backup\winsiteserver\24012014\winsiteserver\httprequesthandler\httphandler.h(21): warning C4251: POSTData::varName: class "std::basic_string<char,std::char_traits<char>,std::allocator<char>>" должен иметь dll-интерфейс для использования клиентами struct "POSTData"
  c:\program files (x86)\microsoft visual studio\2017\community\vc\tools\msvc\14.16.27023\include\xstring(4373): note:  см. объявление "std::basic_string<char,std::char_traits<char>,std::allocator<char>>"
c:\other\from old\prog_backup\winsiteserver\24012014\winsiteserver\httprequesthandler\httphandler.h(22): warning C4251: POSTData::varValue: class "std::basic_string<char,std::char_traits<char>,std::allocator<char>>" должен иметь dll-интерфейс для использования клиентами struct "POSTData"
  c:\program files (x86)\microsoft visual studio\2017\community\vc\tools\msvc\14.16.27023\include\xstring(4373): note:  см. объявление "std::basic_string<char,std::char_traits<char>,std::allocator<char>>"
c:\other\from old\prog_backup\winsiteserver\24012014\winsiteserver\httprequesthandler\httphandler.h(30): warning C4251: HandleData::fileName: class "std::basic_string<char,std::char_traits<char>,std::allocator<char>>" должен иметь dll-интерфейс для использования клиентами struct "HandleData"
  c:\program files (x86)\microsoft visual studio\2017\community\vc\tools\msvc\14.16.27023\include\xstring(4373): note:  см. объявление "std::basic_string<char,std::char_traits<char>,std::allocator<char>>"
c:\other\from old\prog_backup\winsiteserver\24012014\winsiteserver\httprequesthandler\httphandler.h(32): warning C4251: HandleData::tempFileName: class "std::basic_string<char,std::char_traits<char>,std::allocator<char>>" должен иметь dll-интерфейс для использования клиентами struct "HandleData"
  c:\program files (x86)\microsoft visual studio\2017\community\vc\tools\msvc\14.16.27023\include\xstring(4373): note:  см. объявление "std::basic_string<char,std::char_traits<char>,std::allocator<char>>"
c:\other\from old\prog_backup\winsiteserver\24012014\winsiteserver\httprequesthandler\httphandler.h(35): warning C4251: HandleData::URIData: class "std::vector<URIDATA,std::allocator<_Ty>>" должен иметь dll-интерфейс для использования клиентами struct "HandleData"
          with
          [
              _Ty=URIDATA
          ]
  c:\other\from old\prog_backup\winsiteserver\24012014\winsiteserver\httprequesthandler\httphandler.h(35): note:  см. объявление "std::vector<URIDATA,std::allocator<_Ty>>"
          with
          [
              _Ty=URIDATA
          ]
c:\other\from old\prog_backup\winsiteserver\24012014\winsiteserver\httprequesthandler\httphandler.h(36): warning C4251: HandleData::POSTData: class "std::vector<POSTDATA,std::allocator<_Ty>>" должен иметь dll-интерфейс для использования клиентами struct "HandleData"
          with
          [
              _Ty=POSTDATA
          ]
  c:\other\from old\prog_backup\winsiteserver\24012014\winsiteserver\httprequesthandler\httphandler.h(36): note:  см. объявление "std::vector<POSTDATA,std::allocator<_Ty>>"
          with
          [
              _Ty=POSTDATA
          ]
c:\other\from old\prog_backup\winsiteserver\24012014\winsiteserver\httprequesthandler\httphandler.h(37): warning C4251: HandleData::Headers: class "std::vector<HDRDATA,std::allocator<_Ty>>" должен иметь dll-интерфейс для использования клиентами struct "HandleData"
          with
          [
              _Ty=HDRDATA
          ]
  c:\other\from old\prog_backup\winsiteserver\24012014\winsiteserver\httprequesthandler\httphandler.h(37): note:  см. объявление "std::vector<HDRDATA,std::allocator<_Ty>>"
          with
          [
              _Ty=HDRDATA
          ]
c:\other\from old\prog_backup\winsiteserver\24012014\winsiteserver\httprequesthandler\httphandler.h(40): warning C4251: HandleData::Method: class "std::basic_string<char,std::char_traits<char>,std::allocator<char>>" должен иметь dll-интерфейс для использования клиентами struct "HandleData"
  c:\program files (x86)\microsoft visual studio\2017\community\vc\tools\msvc\14.16.27023\include\xstring(4373): note:  см. объявление "std::basic_string<char,std::char_traits<char>,std::allocator<char>>"
c:\other\from old\prog_backup\winsiteserver\24012014\winsiteserver\httprequesthandler\httphandler.h(41): warning C4251: HandleData::URI: class "std::basic_string<char,std::char_traits<char>,std::allocator<char>>" должен иметь dll-интерфейс для использования клиентами struct "HandleData"
  c:\program files (x86)\microsoft visual studio\2017\community\vc\tools\msvc\14.16.27023\include\xstring(4373): note:  см. объявление "std::basic_string<char,std::char_traits<char>,std::allocator<char>>"
c:\other\from old\prog_backup\winsiteserver\24012014\winsiteserver\httprequesthandler\httphandler.h(42): warning C4251: HandleData::Version: class "std::basic_string<char,std::char_traits<char>,std::allocator<char>>" должен иметь dll-интерфейс для использования клиентами struct "HandleData"
  c:\program files (x86)\microsoft visual studio\2017\community\vc\tools\msvc\14.16.27023\include\xstring(4373): note:  см. объявление "std::basic_string<char,std::char_traits<char>,std::allocator<char>>"
c:\other\from old\prog_backup\winsiteserver\24012014\winsiteserver\httprequesthandler\httphandler.h(65): warning C4251: HTTPHandler::m_Version: class "std::basic_string<char,std::char_traits<char>,std::allocator<char>>" должен иметь dll-интерфейс для использования клиентами class "HTTPHandler"
  c:\program files (x86)\microsoft visual studio\2017\community\vc\tools\msvc\14.16.27023\include\xstring(4373): note:  см. объявление "std::basic_string<char,std::char_traits<char>,std::allocator<char>>"
c:\other\from old\prog_backup\winsiteserver\24012014\winsiteserver\httprequesthandler\httphandler.h(66): warning C4251: HTTPHandler::m_StatusCode: class "std::basic_string<char,std::char_traits<char>,std::allocator<char>>" должен иметь dll-интерфейс для использования клиентами class "HTTPHandler"
  c:\program files (x86)\microsoft visual studio\2017\community\vc\tools\msvc\14.16.27023\include\xstring(4373): note:  см. объявление "std::basic_string<char,std::char_traits<char>,std::allocator<char>>"
c:\other\from old\prog_backup\winsiteserver\24012014\winsiteserver\httprequesthandler\httphandler.h(67): warning C4251: HTTPHandler::m_ReasonPhrase: class "std::basic_string<char,std::char_traits<char>,std::allocator<char>>" должен иметь dll-интерфейс для использования клиентами class "HTTPHandler"
  c:\program files (x86)\microsoft visual studio\2017\community\vc\tools\msvc\14.16.27023\include\xstring(4373): note:  см. объявление "std::basic_string<char,std::char_traits<char>,std::allocator<char>>"
c:\other\from old\prog_backup\winsiteserver\24012014\winsiteserver\httprequesthandler\httphandler.h(70): warning C4251: HTTPHandler::m_sBuf: class "std::basic_string<char,std::char_traits<char>,std::allocator<char>>" должен иметь dll-интерфейс для использования клиентами class "HTTPHandler"
  c:\program files (x86)\microsoft visual studio\2017\community\vc\tools\msvc\14.16.27023\include\xstring(4373): note:  см. объявление "std::basic_string<char,std::char_traits<char>,std::allocator<char>>"
  dllmain.cpp
c:\other\from old\prog_backup\winsiteserver\24012014\winsiteserver\httprequesthandler\httphandler.h(9): warning C4251: HeaderData::Header: class "std::basic_string<char,std::char_traits<char>,std::allocator<char>>" должен иметь dll-интерфейс для использования клиентами struct "HeaderData"
  c:\program files (x86)\microsoft visual studio\2017\community\vc\tools\msvc\14.16.27023\include\xstring(4373): note:  см. объявление "std::basic_string<char,std::char_traits<char>,std::allocator<char>>"
c:\other\from old\prog_backup\winsiteserver\24012014\winsiteserver\httprequesthandler\httphandler.h(10): warning C4251: HeaderData::Value: class "std::basic_string<char,std::char_traits<char>,std::allocator<char>>" должен иметь dll-интерфейс для использования клиентами struct "HeaderData"
  c:\program files (x86)\microsoft visual studio\2017\community\vc\tools\msvc\14.16.27023\include\xstring(4373): note:  см. объявление "std::basic_string<char,std::char_traits<char>,std::allocator<char>>"
c:\other\from old\prog_backup\winsiteserver\24012014\winsiteserver\httprequesthandler\httphandler.h(15): warning C4251: URIData::varName: class "std::basic_string<char,std::char_traits<char>,std::allocator<char>>" должен иметь dll-интерфейс для использования клиентами struct "URIData"
  c:\program files (x86)\microsoft visual studio\2017\community\vc\tools\msvc\14.16.27023\include\xstring(4373): note:  см. объявление "std::basic_string<char,std::char_traits<char>,std::allocator<char>>"
c:\other\from old\prog_backup\winsiteserver\24012014\winsiteserver\httprequesthandler\httphandler.h(16): warning C4251: URIData::varValue: class "std::basic_string<char,std::char_traits<char>,std::allocator<char>>" должен иметь dll-интерфейс для использования клиентами struct "URIData"
  c:\program files (x86)\microsoft visual studio\2017\community\vc\tools\msvc\14.16.27023\include\xstring(4373): note:  см. объявление "std::basic_string<char,std::char_traits<char>,std::allocator<char>>"
c:\other\from old\prog_backup\winsiteserver\24012014\winsiteserver\httprequesthandler\httphandler.h(21): warning C4251: POSTData::varName: class "std::basic_string<char,std::char_traits<char>,std::allocator<char>>" должен иметь dll-интерфейс для использования клиентами struct "POSTData"
  c:\program files (x86)\microsoft visual studio\2017\community\vc\tools\msvc\14.16.27023\include\xstring(4373): note:  см. объявление "std::basic_string<char,std::char_traits<char>,std::allocator<char>>"
c:\other\from old\prog_backup\winsiteserver\24012014\winsiteserver\httprequesthandler\httphandler.h(22): warning C4251: POSTData::varValue: class "std::basic_string<char,std::char_traits<char>,std::allocator<char>>" должен иметь dll-интерфейс для использования клиентами struct "POSTData"
  c:\program files (x86)\microsoft visual studio\2017\community\vc\tools\msvc\14.16.27023\include\xstring(4373): note:  см. объявление "std::basic_string<char,std::char_traits<char>,std::allocator<char>>"
c:\other\from old\prog_backup\winsiteserver\24012014\winsiteserver\httprequesthandler\httphandler.h(30): warning C4251: HandleData::fileName: class "std::basic_string<char,std::char_traits<char>,std::allocator<char>>" должен иметь dll-интерфейс для использования клиентами struct "HandleData"
  c:\program files (x86)\microsoft visual studio\2017\community\vc\tools\msvc\14.16.27023\include\xstring(4373): note:  см. объявление "std::basic_string<char,std::char_traits<char>,std::allocator<char>>"
c:\other\from old\prog_backup\winsiteserver\24012014\winsiteserver\httprequesthandler\httphandler.h(32): warning C4251: HandleData::tempFileName: class "std::basic_string<char,std::char_traits<char>,std::allocator<char>>" должен иметь dll-интерфейс для использования клиентами struct "HandleData"
  c:\program files (x86)\microsoft visual studio\2017\community\vc\tools\msvc\14.16.27023\include\xstring(4373): note:  см. объявление "std::basic_string<char,std::char_traits<char>,std::allocator<char>>"
c:\other\from old\prog_backup\winsiteserver\24012014\winsiteserver\httprequesthandler\httphandler.h(35): warning C4251: HandleData::URIData: class "std::vector<URIDATA,std::allocator<_Ty>>" должен иметь dll-интерфейс для использования клиентами struct "HandleData"
          with
          [
              _Ty=URIDATA
          ]
  c:\other\from old\prog_backup\winsiteserver\24012014\winsiteserver\httprequesthandler\httphandler.h(35): note:  см. объявление "std::vector<URIDATA,std::allocator<_Ty>>"
          with
          [
              _Ty=URIDATA
          ]
c:\other\from old\prog_backup\winsiteserver\24012014\winsiteserver\httprequesthandler\httphandler.h(36): warning C4251: HandleData::POSTData: class "std::vector<POSTDATA,std::allocator<_Ty>>" должен иметь dll-интерфейс для использования клиентами struct "HandleData"
          with
          [
              _Ty=POSTDATA
          ]
  c:\other\from old\prog_backup\winsiteserver\24012014\winsiteserver\httprequesthandler\httphandler.h(36): note:  см. объявление "std::vector<POSTDATA,std::allocator<_Ty>>"
          with
          [
              _Ty=POSTDATA
          ]
c:\other\from old\prog_backup\winsiteserver\24012014\winsiteserver\httprequesthandler\httphandler.h(37): warning C4251: HandleData::Headers: class "std::vector<HDRDATA,std::allocator<_Ty>>" должен иметь dll-интерфейс для использования клиентами struct "HandleData"
          with
          [
              _Ty=HDRDATA
          ]
  c:\other\from old\prog_backup\winsiteserver\24012014\winsiteserver\httprequesthandler\httphandler.h(37): note:  см. объявление "std::vector<HDRDATA,std::allocator<_Ty>>"
          with
          [
              _Ty=HDRDATA
          ]
c:\other\from old\prog_backup\winsiteserver\24012014\winsiteserver\httprequesthandler\httphandler.h(40): warning C4251: HandleData::Method: class "std::basic_string<char,std::char_traits<char>,std::allocator<char>>" должен иметь dll-интерфейс для использования клиентами struct "HandleData"
  c:\program files (x86)\microsoft visual studio\2017\community\vc\tools\msvc\14.16.27023\include\xstring(4373): note:  см. объявление "std::basic_string<char,std::char_traits<char>,std::allocator<char>>"
c:\other\from old\prog_backup\winsiteserver\24012014\winsiteserver\httprequesthandler\httphandler.h(41): warning C4251: HandleData::URI: class "std::basic_string<char,std::char_traits<char>,std::allocator<char>>" должен иметь dll-интерфейс для использования клиентами struct "HandleData"
  c:\program files (x86)\microsoft visual studio\2017\community\vc\tools\msvc\14.16.27023\include\xstring(4373): note:  см. объявление "std::basic_string<char,std::char_traits<char>,std::allocator<char>>"
c:\other\from old\prog_backup\winsiteserver\24012014\winsiteserver\httprequesthandler\httphandler.h(42): warning C4251: HandleData::Version: class "std::basic_string<char,std::char_traits<char>,std::allocator<char>>" должен иметь dll-интерфейс для использования клиентами struct "HandleData"
  c:\program files (x86)\microsoft visual studio\2017\community\vc\tools\msvc\14.16.27023\include\xstring(4373): note:  см. объявление "std::basic_string<char,std::char_traits<char>,std::allocator<char>>"
c:\other\from old\prog_backup\winsiteserver\24012014\winsiteserver\httprequesthandler\httphandler.h(65): warning C4251: HTTPHandler::m_Version: class "std::basic_string<char,std::char_traits<char>,std::allocator<char>>" должен иметь dll-интерфейс для использования клиентами class "HTTPHandler"
  c:\program files (x86)\microsoft visual studio\2017\community\vc\tools\msvc\14.16.27023\include\xstring(4373): note:  см. объявление "std::basic_string<char,std::char_traits<char>,std::allocator<char>>"
c:\other\from old\prog_backup\winsiteserver\24012014\winsiteserver\httprequesthandler\httphandler.h(66): warning C4251: HTTPHandler::m_StatusCode: class "std::basic_string<char,std::char_traits<char>,std::allocator<char>>" должен иметь dll-интерфейс для использования клиентами class "HTTPHandler"
  c:\program files (x86)\microsoft visual studio\2017\community\vc\tools\msvc\14.16.27023\include\xstring(4373): note:  см. объявление "std::basic_string<char,std::char_traits<char>,std::allocator<char>>"
c:\other\from old\prog_backup\winsiteserver\24012014\winsiteserver\httprequesthandler\httphandler.h(67): warning C4251: HTTPHandler::m_ReasonPhrase: class "std::basic_string<char,std::char_traits<char>,std::allocator<char>>" должен иметь dll-интерфейс для использования клиентами class "HTTPHandler"
  c:\program files (x86)\microsoft visual studio\2017\community\vc\tools\msvc\14.16.27023\include\xstring(4373): note:  см. объявление "std::basic_string<char,std::char_traits<char>,std::allocator<char>>"
c:\other\from old\prog_backup\winsiteserver\24012014\winsiteserver\httprequesthandler\httphandler.h(70): warning C4251: HTTPHandler::m_sBuf: class "std::basic_string<char,std::char_traits<char>,std::allocator<char>>" должен иметь dll-интерфейс для использования клиентами class "HTTPHandler"
  c:\program files (x86)\microsoft visual studio\2017\community\vc\tools\msvc\14.16.27023\include\xstring(4373): note:  см. объявление "std::basic_string<char,std::char_traits<char>,std::allocator<char>>"
  HTTPHandler.cpp
c:\other\from old\prog_backup\winsiteserver\24012014\winsiteserver\httprequesthandler\httphandler.cpp(91): warning C4018: <: несоответствие типов со знаком и без знака
c:\other\from old\prog_backup\winsiteserver\24012014\winsiteserver\httprequesthandler\httphandler.cpp(110): warning C4244: =: преобразование "std::streamoff" в "int", возможна потеря данных
c:\other\from old\prog_backup\winsiteserver\24012014\winsiteserver\httprequesthandler\httphandler.cpp(217): warning C4244: =: преобразование "std::streamoff" в "int", возможна потеря данных
c:\other\from old\prog_backup\winsiteserver\24012014\winsiteserver\httprequesthandler\httphandler.cpp(240): warning C4244: =: преобразование "std::streamoff" в "int", возможна потеря данных
  HTTPRequestHandler.cpp
  Создание кода...
     Создается библиотека C:\Other\From Old\prog_backup\WinSiteServer\24012014\WinSiteServer\Debug\HTTPRequestHandler.lib и объект C:\Other\From Old\prog_backup\WinSiteServer\24012014\WinSiteServer\Debug\HTTPRequestHandler.exp
  HTTPRequestHandler.vcxproj -> C:\Other\From Old\prog_backup\WinSiteServer\24012014\WinSiteServer\Debug\HTTPRequestHandler.dll
